<?xml version="1.0" encoding="UTF-8"?>
<!-- Generated by org.testng.reporters.JUnitReportReporter -->
<testsuite skipped="0" hostname="DESKTOP-HUDNDMF" name="seleniumtestngbasic.LoginTest" tests="2" failures="0" timestamp="2020-03-22T21:05:53 IST" time="0.027" errors="0">
  <testcase name="loginUser" time="0.002" classname="seleniumtestngbasic.LoginTest"/>
  <testcase name="doRegistration" time="0.025" classname="seleniumtestngbasic.LoginTest"/>
</testsuite> <!-- seleniumtestngbasic.LoginTest -->
