<?xml version="1.0" encoding="UTF-8"?>
<!-- Generated by org.testng.reporters.JUnitReportReporter -->
<testsuite skipped="0" hostname="DESKTOP-HUDNDMF" name="seleniumtestngbasic.LoginTest" tests="2" failures="0" timestamp="2020-03-21T19:42:21 IST" time="0.014" errors="0">
  <testcase name="doRegistration" time="0.013" classname="seleniumtestngbasic.LoginTest"/>
  <testcase name="loginUser" time="0.001" classname="seleniumtestngbasic.LoginTest"/>
</testsuite> <!-- seleniumtestngbasic.LoginTest -->
